394180849,http://www.yahoo.com
888663321,http://hadoop.apache.org
618425493,http://hadoop.apache.org
62372899,http://news.bbc.co.uk
329029559,http://www.google.com
387319382,http://www.yahoo.com
323516013,http://hadoop.apache.org
153998228,http://www.google.com
970172987,http://www.hortonworks.com
443253250,http://news.bbc.co.uk
96572677,http://cnn.com
957384306,http://www.yahoo.com
113075326,http://www.facebook.com
619235063,http://www.hortonworks.com
617538270,http://cnn.com
441310844,http://www.google.com
403730076,http://www.facebook.com
164576545,http://news.bbc.co.uk
951449753,http://cnn.com
166284638,http://www.hortonworks.com
150431038,http://news.bbc.co.uk
138283250,http://www.facebook.com
676271765,http://news.bbc.co.uk
33754314,http://www.facebook.com
384368309,http://www.google.com
783931810,http://www.facebook.com
22385111,http://www.google.com
285050071,http://www.hortonworks.com
171849279,http://www.hortonworks.com
153172180,http://www.google.com
6856266,http://cnn.com
750348433,http://www.yahoo.com
175944629,http://www.google.com
979354887,http://news.bbc.co.uk
998865864,http://www.facebook.com
347961988,http://www.facebook.com
467559323,http://www.google.com
802783270,http://www.hortonworks.com
38332200,http://www.facebook.com
832954139,http://www.facebook.com
586828607,http://www.google.com
343390731,http://www.yahoo.com
27959721,http://www.hortonworks.com
796578849,http://www.facebook.com
855539008,http://www.facebook.com
125542981,http://www.hortonworks.com
27022528,http://news.bbc.co.uk
914845388,http://hadoop.apache.org
937474321,http://cnn.com
351965284,http://www.facebook.com
567316865,http://hadoop.apache.org
44798076,http://www.hortonworks.com
650986615,http://www.facebook.com
27694703,http://hadoop.apache.org
363844621,http://cnn.com
989281032,http://www.yahoo.com
29792223,http://www.google.com
333757350,http://www.yahoo.com
346941823,http://news.bbc.co.uk
463977919,http://news.bbc.co.uk
634692740,http://hadoop.apache.org
252070625,http://news.bbc.co.uk
598462134,http://www.yahoo.com
378476690,http://www.google.com
115321019,http://hadoop.apache.org
438470471,http://cnn.com
538685347,http://www.google.com
31949335,http://news.bbc.co.uk
21612169,http://cnn.com
347363612,http://www.hortonworks.com
362150882,http://www.facebook.com
702576625,http://news.bbc.co.uk
865099546,http://hadoop.apache.org
60554803,http://cnn.com
725216283,http://hadoop.apache.org
771687862,http://news.bbc.co.uk
430235755,http://www.yahoo.com
636199076,http://www.facebook.com
681740714,http://www.google.com
847825620,http://news.bbc.co.uk
336838641,http://hadoop.apache.org
533028987,http://www.google.com
869593452,http://news.bbc.co.uk
828435495,http://www.hortonworks.com
850662289,http://hadoop.apache.org
18426858,http://www.google.com
947787388,http://www.yahoo.com
935940849,http://www.hortonworks.com
945193020,http://www.yahoo.com
646452028,http://cnn.com
282437519,http://www.facebook.com
717182559,http://www.hortonworks.com
613470382,http://www.hortonworks.com
768893096,http://hadoop.apache.org
883844447,http://www.yahoo.com
292183758,http://cnn.com
429333153,http://www.yahoo.com
67295169,http://hadoop.apache.org
59232873,http://www.yahoo.com
853439587,http://news.bbc.co.uk
358990332,http://www.facebook.com
848012105,http://www.facebook.com
515235094,http://news.bbc.co.uk
414731935,http://www.facebook.com
822517137,http://www.google.com
582063764,http://www.google.com
713249499,http://www.facebook.com
810269192,http://hadoop.apache.org
5476003,http://www.yahoo.com
528838249,http://www.yahoo.com
137224065,http://www.hortonworks.com
943250988,http://hadoop.apache.org
420362574,http://www.yahoo.com
610719156,http://www.hortonworks.com
814214853,http://www.yahoo.com
285957944,http://hadoop.apache.org
718176702,http://news.bbc.co.uk
536437817,http://hadoop.apache.org
284489506,http://news.bbc.co.uk
627466417,http://news.bbc.co.uk
749818442,http://www.hortonworks.com
175650549,http://news.bbc.co.uk
287585741,http://hadoop.apache.org
73688244,http://www.facebook.com
87799049,http://www.facebook.com
182640898,http://hadoop.apache.org
699294848,http://cnn.com
295835492,http://hadoop.apache.org
537836973,http://news.bbc.co.uk
870446887,http://www.yahoo.com
717870188,http://cnn.com
29710200,http://www.google.com
49828856,http://www.google.com
334713258,http://www.facebook.com
300560682,http://www.facebook.com
824719127,http://www.google.com
680145528,http://www.hortonworks.com
828268724,http://cnn.com
850469316,http://hadoop.apache.org
42713500,http://www.yahoo.com
95243001,http://www.yahoo.com
384328210,http://www.yahoo.com
152636630,http://www.google.com
107053755,http://www.hortonworks.com
209718470,http://news.bbc.co.uk
691120103,http://news.bbc.co.uk
560749220,http://www.facebook.com
1799289,http://www.hortonworks.com
425881303,http://news.bbc.co.uk
215838494,http://cnn.com
433773228,http://www.yahoo.com
20423201,http://www.facebook.com
266349041,http://cnn.com
578420429,http://cnn.com
822212843,http://www.google.com
765552043,http://cnn.com
400968394,http://www.google.com
175748150,http://hadoop.apache.org
405193794,http://www.yahoo.com
396830561,http://www.google.com
64221236,http://www.facebook.com
55576345,http://www.hortonworks.com
675971848,http://hadoop.apache.org
131211445,http://www.yahoo.com
868095601,http://cnn.com
40584392,http://www.hortonworks.com
379566305,http://news.bbc.co.uk
990870074,http://news.bbc.co.uk
861881678,http://cnn.com
102653605,http://cnn.com
198518495,http://www.google.com
802844259,http://www.yahoo.com
845492811,http://www.facebook.com
986469484,http://cnn.com
689975273,http://cnn.com
448198996,http://www.google.com
929811493,http://www.hortonworks.com
83648954,http://www.google.com
471597516,http://news.bbc.co.uk
360316206,http://www.facebook.com
348660358,http://www.google.com
557192617,http://www.google.com
658593620,http://www.hortonworks.com
27489481,http://cnn.com
520198185,http://www.google.com
714861996,http://news.bbc.co.uk
549977992,http://www.hortonworks.com
228063835,http://news.bbc.co.uk
358340887,http://www.google.com
633581781,http://www.google.com
565254552,http://www.facebook.com
8060447,http://www.facebook.com
83487512,http://www.hortonworks.com
33467074,http://www.yahoo.com
430825223,http://www.yahoo.com
643866406,http://www.yahoo.com
790091236,http://hadoop.apache.org
401775639,http://news.bbc.co.uk
616623434,http://www.hortonworks.com
174349459,http://www.hortonworks.com
994855360,http://news.bbc.co.uk
366785144,http://news.bbc.co.uk
22372608,http://cnn.com
627317756,http://cnn.com
462154307,http://www.google.com
322195408,http://cnn.com
914469666,http://www.facebook.com
278784599,http://hadoop.apache.org
8379617,http://hadoop.apache.org
300555648,http://www.facebook.com
112393517,http://news.bbc.co.uk
949298183,http://hadoop.apache.org
64930944,http://www.hortonworks.com
98016726,http://www.facebook.com
424738558,http://cnn.com
753656345,http://cnn.com
739912051,http://www.hortonworks.com
64798392,http://www.yahoo.com
336973167,http://www.hortonworks.com
99546312,http://www.facebook.com
129451806,http://news.bbc.co.uk
644641534,http://news.bbc.co.uk
946223203,http://www.yahoo.com
93709442,http://www.yahoo.com
879150181,http://cnn.com
418135420,http://www.google.com
149680497,http://news.bbc.co.uk
256730976,http://www.yahoo.com
995949244,http://www.hortonworks.com
57569947,http://www.hortonworks.com
79336353,http://www.facebook.com
839854779,http://www.google.com
909329157,http://news.bbc.co.uk
785462886,http://hadoop.apache.org
789840043,http://www.google.com
256223089,http://hadoop.apache.org
783129173,http://hadoop.apache.org
581572130,http://hadoop.apache.org
194582298,http://www.hortonworks.com
114241264,http://hadoop.apache.org
76493630,http://www.google.com
57322935,http://www.yahoo.com
25173812,http://www.hortonworks.com
559267523,http://hadoop.apache.org
356142950,http://www.google.com
579460172,http://www.google.com
401628733,http://www.hortonworks.com
22727698,http://cnn.com
357569630,http://hadoop.apache.org
644025571,http://www.yahoo.com
252723160,http://www.hortonworks.com
221654978,http://www.yahoo.com
296259245,http://news.bbc.co.uk
500759965,http://www.facebook.com
518178640,http://hadoop.apache.org
406654653,http://www.hortonworks.com
429636439,http://www.hortonworks.com
26730539,http://news.bbc.co.uk
202620663,http://www.yahoo.com
862393864,http://cnn.com
868635922,http://www.google.com
850583073,http://www.hortonworks.com
38342160,http://www.yahoo.com
654916344,http://www.yahoo.com
638898469,http://www.google.com
726319193,http://www.hortonworks.com
172161995,http://news.bbc.co.uk
632582169,http://www.google.com
992091910,http://www.yahoo.com
157998612,http://www.facebook.com
10158467,http://news.bbc.co.uk
673132502,http://hadoop.apache.org
968357134,http://www.google.com
272666378,http://cnn.com
861627802,http://cnn.com
184179339,http://news.bbc.co.uk
206879077,http://www.facebook.com
94535121,http://hadoop.apache.org
461217647,http://www.hortonworks.com
851620255,http://www.facebook.com
7982726,http://www.facebook.com
172612299,http://www.facebook.com
569985575,http://news.bbc.co.uk
638678151,http://news.bbc.co.uk
644154108,http://www.yahoo.com
69662442,http://cnn.com
453932569,http://www.google.com
35066000,http://www.hortonworks.com
922286291,http://www.facebook.com
879334400,http://www.google.com
163161529,http://hadoop.apache.org
555876590,http://www.hortonworks.com
994350378,http://cnn.com
826263589,http://www.facebook.com
967410761,http://cnn.com
490597275,http://cnn.com
419691503,http://hadoop.apache.org
760619237,http://www.yahoo.com
43212476,http://cnn.com
902349718,http://www.hortonworks.com
476049828,http://www.google.com
64776628,http://www.hortonworks.com
410176286,http://www.google.com
876754639,http://news.bbc.co.uk
72126539,http://www.facebook.com
68334353,http://cnn.com
116997699,http://www.facebook.com
20921558,http://cnn.com
804754841,http://hadoop.apache.org
342966550,http://cnn.com
679191617,http://hadoop.apache.org
212463544,http://cnn.com
529195954,http://hadoop.apache.org
9061155,http://cnn.com
764450828,http://www.facebook.com
598636961,http://news.bbc.co.uk
161660113,http://www.yahoo.com
930267145,http://www.facebook.com
129729509,http://www.hortonworks.com
84526212,http://news.bbc.co.uk
995552557,http://www.facebook.com
199261786,http://www.yahoo.com
807951715,http://hadoop.apache.org
635833486,http://news.bbc.co.uk
162124532,http://www.hortonworks.com
233392878,http://cnn.com
543644880,http://cnn.com
420593506,http://cnn.com
691569283,http://www.hortonworks.com
662361002,http://www.facebook.com
480798310,http://www.hortonworks.com
415013273,http://www.facebook.com
824943052,http://hadoop.apache.org
850360766,http://news.bbc.co.uk
97946680,http://www.google.com
850036812,http://www.yahoo.com
575511073,http://news.bbc.co.uk
76918048,http://www.yahoo.com
395978532,http://cnn.com
469514918,http://www.google.com
540518568,http://news.bbc.co.uk
122592248,http://www.yahoo.com
333769768,http://www.facebook.com
280719905,http://www.yahoo.com
962386744,http://www.google.com
720353530,http://www.google.com
514942150,http://www.facebook.com
552185349,http://hadoop.apache.org
40233789,http://news.bbc.co.uk
102585067,http://www.yahoo.com
124846790,http://www.hortonworks.com
63470833,http://www.google.com
491720868,http://www.facebook.com
412960291,http://www.hortonworks.com
116472654,http://www.hortonworks.com
603951699,http://www.facebook.com
364423117,http://hadoop.apache.org
523685136,http://hadoop.apache.org
647080050,http://www.hortonworks.com
721833786,http://cnn.com
97225643,http://www.yahoo.com
408775288,http://news.bbc.co.uk
764959130,http://hadoop.apache.org
723093183,http://www.facebook.com
831944517,http://www.yahoo.com
768458424,http://news.bbc.co.uk
345913385,http://www.google.com
920640971,http://hadoop.apache.org
974872772,http://news.bbc.co.uk
90311465,http://www.hortonworks.com
279768137,http://hadoop.apache.org
133312972,http://www.yahoo.com
8251397,http://www.google.com
837462819,http://www.facebook.com
90654043,http://www.facebook.com
435084492,http://cnn.com
551965336,http://cnn.com
693969628,http://cnn.com
703615581,http://cnn.com
153410070,http://www.facebook.com
674664480,http://www.yahoo.com
317720013,http://www.yahoo.com
221794556,http://hadoop.apache.org
119188221,http://cnn.com
45579668,http://www.yahoo.com
150010322,http://hadoop.apache.org
271538589,http://www.yahoo.com
164951185,http://www.google.com
796743678,http://hadoop.apache.org
352287372,http://www.hortonworks.com
360684617,http://www.hortonworks.com
874679672,http://www.facebook.com
482587230,http://cnn.com
180125703,http://cnn.com
379467386,http://cnn.com
581842607,http://www.facebook.com
493259972,http://www.hortonworks.com
607729813,http://www.hortonworks.com
53802950,http://www.yahoo.com
619561879,http://www.yahoo.com
